2022-09-25 00:17:42,281 INFO org.springframework.boot.StartupInfoLogger [restartedMain] Starting ProjectOsUpcApplication using Java 17.0.4.1 on DESKTOP-NC65D41 with PID 20068 (D:\Developments\DevsUPC\project_os_upc\target\classes started by Torreblanca in D:\Developments\DevsUPC\project_os_upc)
2022-09-25 00:17:42,283 DEBUG org.springframework.boot.StartupInfoLogger [restartedMain] Running with Spring Boot v2.7.3, Spring v5.3.22
2022-09-25 00:17:42,284 INFO org.springframework.boot.SpringApplication [restartedMain] No active profile set, falling back to 1 default profile: "default"
2022-09-25 00:17:42,322 INFO org.springframework.boot.logging.DeferredLog [restartedMain] Devtools property defaults active! Set 'spring.devtools.add-properties' to 'false' to disable
2022-09-25 00:17:42,322 INFO org.springframework.boot.logging.DeferredLog [restartedMain] For additional web related logging consider setting the 'logging.level.web' property to 'DEBUG'
2022-09-25 00:17:43,012 INFO org.springframework.data.repository.config.RepositoryConfigurationDelegate [restartedMain] Bootstrapping Spring Data JPA repositories in DEFAULT mode.
2022-09-25 00:17:43,081 INFO org.springframework.data.repository.config.RepositoryConfigurationDelegate [restartedMain] Finished Spring Data repository scanning in 63 ms. Found 8 JPA repository interfaces.
2022-09-25 00:17:43,320 INFO org.springframework.context.support.PostProcessorRegistrationDelegate$BeanPostProcessorChecker [restartedMain] Bean 'org.springframework.ws.config.annotation.DelegatingWsConfiguration' of type [org.springframework.ws.config.annotation.DelegatingWsConfiguration$$EnhancerBySpringCGLIB$$ca62ab67] is not eligible for getting processed by all BeanPostProcessors (for example: not eligible for auto-proxying)
2022-09-25 00:17:43,363 INFO org.springframework.ws.soap.addressing.server.AbstractAddressingEndpointMapping [restartedMain] Supporting [WS-Addressing August 2004, WS-Addressing 1.0]
2022-09-25 00:17:43,622 INFO org.springframework.boot.web.embedded.tomcat.TomcatWebServer [restartedMain] Tomcat initialized with port(s): 8080 (http)
2022-09-25 00:17:43,631 INFO org.apache.juli.logging.DirectJDKLog [restartedMain] Initializing ProtocolHandler ["http-nio-8080"]
2022-09-25 00:17:43,632 INFO org.apache.juli.logging.DirectJDKLog [restartedMain] Starting service [Tomcat]
2022-09-25 00:17:43,632 INFO org.apache.juli.logging.DirectJDKLog [restartedMain] Starting Servlet engine: [Apache Tomcat/9.0.65]
2022-09-25 00:17:43,707 INFO org.apache.juli.logging.DirectJDKLog [restartedMain] Initializing Spring embedded WebApplicationContext
2022-09-25 00:17:43,707 INFO org.springframework.boot.web.servlet.context.ServletWebServerApplicationContext [restartedMain] Root WebApplicationContext: initialization completed in 1385 ms
2022-09-25 00:17:43,851 INFO org.hibernate.jpa.internal.util.LogHelper [restartedMain] HHH000204: Processing PersistenceUnitInfo [name: default]
2022-09-25 00:17:43,920 INFO org.hibernate.Version [restartedMain] HHH000412: Hibernate ORM core version 5.6.10.Final
2022-09-25 00:17:44,073 INFO org.hibernate.annotations.common.reflection.java.JavaReflectionManager [restartedMain] HCANN000001: Hibernate Commons Annotations {5.1.2.Final}
2022-09-25 00:17:44,169 INFO com.zaxxer.hikari.HikariDataSource [restartedMain] HikariPool-1 - Starting...
2022-09-25 00:17:44,332 INFO com.zaxxer.hikari.HikariDataSource [restartedMain] HikariPool-1 - Start completed.
2022-09-25 00:17:44,351 INFO org.hibernate.dialect.Dialect [restartedMain] HHH000400: Using dialect: org.hibernate.dialect.PostgreSQLDialect
2022-09-25 00:17:44,836 INFO org.hibernate.engine.transaction.jta.platform.internal.JtaPlatformInitiator [restartedMain] HHH000490: Using JtaPlatform implementation: [org.hibernate.engine.transaction.jta.platform.internal.NoJtaPlatform]
2022-09-25 00:17:44,843 INFO org.springframework.orm.jpa.AbstractEntityManagerFactoryBean [restartedMain] Initialized JPA EntityManagerFactory for persistence unit 'default'
2022-09-25 00:17:45,090 DEBUG org.springframework.web.filter.GenericFilterBean [restartedMain] Filter 'jwtFilterRequest' configured for use
2022-09-25 00:17:45,292 WARN org.springframework.boot.autoconfigure.orm.jpa.JpaBaseConfiguration$JpaWebConfiguration [restartedMain] spring.jpa.open-in-view is enabled by default. Therefore, database queries may be performed during view rendering. Explicitly configure spring.jpa.open-in-view to disable this warning
2022-09-25 00:17:45,392 INFO org.springframework.security.web.DefaultSecurityFilterChain [restartedMain] Will secure any request with [org.springframework.security.web.session.DisableEncodeUrlFilter@72c8534d, org.springframework.security.web.context.request.async.WebAsyncManagerIntegrationFilter@259cd4d, org.springframework.security.web.context.SecurityContextPersistenceFilter@4560e006, org.springframework.security.web.header.HeaderWriterFilter@25e93def, org.springframework.security.web.authentication.logout.LogoutFilter@4c7bd437, com.upc.project_os_upc.security.filter.JwtFilterRequest@4877b849, org.springframework.security.web.savedrequest.RequestCacheAwareFilter@5b7aaf49, org.springframework.security.web.servletapi.SecurityContextHolderAwareRequestFilter@11554df4, org.springframework.security.web.authentication.AnonymousAuthenticationFilter@4a4e56bc, org.springframework.security.web.session.SessionManagementFilter@1dbebb2c, org.springframework.security.web.access.ExceptionTranslationFilter@3216bb61, org.springframework.security.web.access.intercept.FilterSecurityInterceptor@1cdf3943]
2022-09-25 00:17:45,892 INFO org.springframework.boot.devtools.autoconfigure.OptionalLiveReloadServer [restartedMain] LiveReload server is running on port 35729
2022-09-25 00:17:45,905 INFO org.apache.juli.logging.DirectJDKLog [restartedMain] Starting ProtocolHandler ["http-nio-8080"]
2022-09-25 00:17:45,924 INFO org.springframework.boot.web.embedded.tomcat.TomcatWebServer [restartedMain] Tomcat started on port(s): 8080 (http) with context path ''
2022-09-25 00:17:45,934 INFO org.springframework.boot.StartupInfoLogger [restartedMain] Started ProjectOsUpcApplication in 4.026 seconds (JVM running for 4.595)
2022-09-25 00:18:49,649 INFO org.apache.juli.logging.DirectJDKLog [http-nio-8080-exec-6] Initializing Spring DispatcherServlet 'dispatcherServlet'
2022-09-25 00:18:49,650 INFO org.springframework.web.servlet.FrameworkServlet [http-nio-8080-exec-6] Initializing Servlet 'dispatcherServlet'
2022-09-25 00:18:49,650 INFO org.springframework.web.servlet.FrameworkServlet [http-nio-8080-exec-6] Completed initialization in 0 ms
2022-09-25 00:18:49,713 DEBUG com.upc.project_os_upc.security.rest.AuthRest [http-nio-8080-exec-6] Verificando Login
2022-09-25 00:34:54,481 INFO org.springframework.orm.jpa.AbstractEntityManagerFactoryBean [SpringApplicationShutdownHook] Closing JPA EntityManagerFactory for persistence unit 'default'
2022-09-25 00:34:54,484 INFO com.zaxxer.hikari.HikariDataSource [SpringApplicationShutdownHook] HikariPool-1 - Shutdown initiated...
2022-09-25 00:34:54,486 INFO com.zaxxer.hikari.HikariDataSource [SpringApplicationShutdownHook] HikariPool-1 - Shutdown completed.
